{"body":"'juuuu'","expose":true,"level":"error","status":400,"statusCode":400,"type":"entity.parse.failed"}
{"body":"'juuuu'","expose":true,"level":"error","message":"LogControllerErrors:  Unexpected token ' in JSON at position 0","stack":"SyntaxError: Unexpected token ' in JSON at position 0\n    at JSON.parse (<anonymous>)\n    at createStrictSyntaxError (C:\\Users\\Azaliia_Kasimova\\Desktop\\NodeJS-global-mentoring-program\\node_modules\\body-parser\\lib\\types\\json.js:160:10)\n    at parse (C:\\Users\\Azaliia_Kasimova\\Desktop\\NodeJS-global-mentoring-program\\node_modules\\body-parser\\lib\\types\\json.js:83:15)\n    at C:\\Users\\Azaliia_Kasimova\\Desktop\\NodeJS-global-mentoring-program\\node_modules\\body-parser\\lib\\read.js:128:18\n    at AsyncResource.runInAsyncScope (node:async_hooks:203:9)\n    at invokeCallback (C:\\Users\\Azaliia_Kasimova\\Desktop\\NodeJS-global-mentoring-program\\node_modules\\raw-body\\index.js:231:16)\n    at done (C:\\Users\\Azaliia_Kasimova\\Desktop\\NodeJS-global-mentoring-program\\node_modules\\raw-body\\index.js:220:7)\n    at IncomingMessage.onEnd (C:\\Users\\Azaliia_Kasimova\\Desktop\\NodeJS-global-mentoring-program\\node_modules\\raw-body\\index.js:280:7)\n    at IncomingMessage.emit (node:events:513:28)\n    at endReadableNT (node:internal/streams/readable:1359:12)","status":400,"statusCode":400,"type":"entity.parse.failed"}
{"level":"error","message":"Method name: POST, args: {}, error message: Unexpected token ' in JSON at position 0"}
{"level":"error","message":"Method name: POST, args: {}, error message: Unexpected token ' in JSON at position 0"}
{"level":"error","message":"Method name: POST, error message: Unexpected token ' in JSON at position 0"}
{"level":"error","message":"Method name: POST, error message: Unexpected token ' in JSON at position 0"}
{"level":"debug","message":"Method name: GET"}
{"level":"debug","message":"Method name: GET"}
{"level":"debug","message":"Method name: GET"}
{"level":"debug","message":"Method name: GET"}
{"level":"debug","message":"Method name: GET, arguments: {\"groupId\":\"1\",\"userIds\":\"3\"}"}
{"level":"debug","message":"Method name: GET"}
{"level":"debug","message":"Method name: GET"}
{"level":"debug","message":"Method name: GET"}
{"level":"debug","message":"Method name: GET"}
{"level":"debug","message":"Method name: GET"}
{"date":"Wed Feb 15 2023 21:36:06 GMT+0400 (Georgia Standard Time)","error":{},"exception":true,"level":"error","message":"uncaughtException: trololo\nError: trololo\n    at Timeout._onTimeout (file:///C:/Users/Azaliia_Kasimova/Desktop/NodeJS-global-mentoring-program/server.js:29:11)\n    at listOnTimeout (node:internal/timers:564:17)\n    at process.processTimers (node:internal/timers:507:7)","os":{"loadavg":[0,0,0],"uptime":1377334},"process":{"argv":["C:\\Program Files\\nodejs\\node.exe","C:\\Users\\Azaliia_Kasimova\\Desktop\\NodeJS-global-mentoring-program\\server.js"],"cwd":"C:\\Users\\Azaliia_Kasimova\\Desktop\\NodeJS-global-mentoring-program","execPath":"C:\\Program Files\\nodejs\\node.exe","gid":null,"memoryUsage":{"arrayBuffers":33446,"external":1019583,"heapTotal":22835200,"heapUsed":20636648,"rss":67129344},"pid":26188,"uid":null,"version":"v18.12.1"},"stack":"Error: trololo\n    at Timeout._onTimeout (file:///C:/Users/Azaliia_Kasimova/Desktop/NodeJS-global-mentoring-program/server.js:29:11)\n    at listOnTimeout (node:internal/timers:564:17)\n    at process.processTimers (node:internal/timers:507:7)","trace":[{"column":11,"file":"file:///C:/Users/Azaliia_Kasimova/Desktop/NodeJS-global-mentoring-program/server.js","function":"Timeout._onTimeout","line":29,"method":"_onTimeout","native":false},{"column":17,"file":"node:internal/timers","function":"listOnTimeout","line":564,"method":null,"native":false},{"column":7,"file":"node:internal/timers","function":"process.processTimers","line":507,"method":"processTimers","native":false}]}
{"level":"debug","message":"Method name: GET"}
{"level":"error","message":"Method name: POST, error message: Unexpected token l in JSON at position 7"}
{"level":"error","message":"Method name: PUT, error message: Unexpected token l in JSON at position 7"}
{"level":"error","message":"Method name: POST, error message: Unexpected token ' in JSON at position 16"}
{"level":"debug","message":"Method name: POST"}
{"level":"debug","message":"Request body: [object Object]"}
